#
# There is insufficient memory for the Java Runtime Environment to continue.
# Native memory allocation (malloc) failed to allocate 1259616 bytes for Chunk::new
# Possible reasons:
#   The system is out of physical RAM or swap space
#   The process is running with CompressedOops enabled, and the Java Heap may be blocking the growth of the native heap
# Possible solutions:
#   Reduce memory load on the system
#   Increase physical memory or swap space
#   Check if swap backing store is full
#   Decrease Java heap size (-Xmx/-Xms)
#   Decrease number of Java threads
#   Decrease Java thread stack sizes (-Xss)
#   Set larger code cache with -XX:ReservedCodeCacheSize=
#   JVM is running with Unscaled Compressed Oops mode in which the Java heap is
#     placed in the first 4GB address space. The Java Heap base address is the
#     maximum limit for the native heap growth. Please use -XX:HeapBaseMinAddress
#     to set the Java Heap base and to place the Java Heap above 4GB virtual address.
# This output file may be truncated or incomplete.
#
#  Out of Memory Error (allocation.cpp:389), pid=6624, tid=0x0000000000000b54
#
# JRE version: OpenJDK Runtime Environment (8.0_212-b04) (build 1.8.0_212-release-1586-b04)
# Java VM: OpenJDK 64-Bit Server VM (25.212-b04 mixed mode windows-amd64 compressed oops)
# Failed to write core dump. Minidumps are not enabled by default on client versions of Windows
#

---------------  T H R E A D  ---------------

Current thread (0x000000005634f800):  JavaThread "C2 CompilerThread0" daemon [_thread_in_native, id=2900, stack(0x0000000057aa0000,0x0000000057ba0000)]

Stack: [0x0000000057aa0000,0x0000000057ba0000]
[error occurred during error reporting (printing stack bounds), id 0xc0000005]

Native frames: (J=compiled Java code, j=interpreted, Vv=VM code, C=native code)


Current CompileTask:
C2:   6359 1506   !   4       java.net.URLClassLoader$1::run (63 bytes)


---------------  P R O C E S S  ---------------

Java Threads: ( => current thread )
  0x0000000057daf800 JavaThread "Cache worker for journal cache (C:\Users\Usuario\.gradle\caches\journal-1)" [_thread_blocked, id=4284, stack(0x000000005c770000,0x000000005c870000)]
  0x0000000057dae800 JavaThread "File lock request listener" [_thread_in_native, id=1764, stack(0x000000005c600000,0x000000005c700000)]
  0x0000000057dae000 JavaThread "Cache worker for file hash cache (C:\Users\Usuario\.gradle\caches\5.6.4\fileHashes)" [_thread_blocked, id=3836, stack(0x000000005c410000,0x000000005c510000)]
  0x000000005919c800 JavaThread "Thread-9" [_thread_blocked, id=6912, stack(0x000000005c060000,0x000000005c160000)]
  0x0000000059f9a000 JavaThread "Stdin handler" [_thread_blocked, id=7148, stack(0x000000005be80000,0x000000005bf80000)]
  0x0000000059f99000 JavaThread "Asynchronous log dispatcher for DefaultDaemonConnection: socket connection from /127.0.0.1:53004 to /127.0.0.1:53005" [_thread_blocked, id=5620, stack(0x000000005bd80000,0x000000005be80000)]
  0x0000000059fe3000 JavaThread "Daemon worker" [_thread_in_vm, id=808, stack(0x000000005ae20000,0x000000005af20000)]
  0x0000000059fe2000 JavaThread "Cancel handler" [_thread_blocked, id=6492, stack(0x000000005bc40000,0x000000005bd40000)]
  0x0000000059f82800 JavaThread "Handler for socket connection from /127.0.0.1:53004 to /127.0.0.1:53005" [_thread_in_native, id=1124, stack(0x000000005b8c0000,0x000000005b9c0000)]
  0x0000000059f82000 JavaThread "Daemon" [_thread_blocked, id=2404, stack(0x000000005b6d0000,0x000000005b7d0000)]
  0x0000000059f44800 JavaThread "Daemon periodic checks" [_thread_blocked, id=4500, stack(0x000000005b5c0000,0x000000005b6c0000)]
  0x0000000059f44000 JavaThread "Incoming local TCP Connector on port 53004" [_thread_in_native, id=720, stack(0x000000005b3d0000,0x000000005b4d0000)]
  0x0000000059e7e000 JavaThread "Daemon health stats" [_thread_blocked, id=7072, stack(0x000000005af50000,0x000000005b050000)]
  0x0000000057c23800 JavaThread "Service Thread" daemon [_thread_blocked, id=5432, stack(0x00000000580d0000,0x00000000581d0000)]
  0x0000000057ba3800 JavaThread "C1 CompilerThread2" daemon [_thread_blocked, id=7144, stack(0x0000000058280000,0x0000000058380000)]
  0x0000000057ba2800 JavaThread "C2 CompilerThread1" daemon [_thread_in_native, id=2892, stack(0x0000000057fb0000,0x00000000580b0000)]
=>0x000000005634f800 JavaThread "C2 CompilerThread0" daemon [_thread_in_native, id=2900, stack(0x0000000057aa0000,0x0000000057ba0000)]
  0x000000005634d800 JavaThread "Attach Listener" daemon [_thread_blocked, id=6664, stack(0x00000000578a0000,0x00000000579a0000)]
  0x000000005634c800 JavaThread "Signal Dispatcher" daemon [_thread_blocked, id=6384, stack(0x0000000057700000,0x0000000057800000)]
  0x0000000056328800 JavaThread "Finalizer" daemon [_thread_blocked, id=4312, stack(0x00000000574e0000,0x00000000575e0000)]
  0x0000000056321800 JavaThread "Reference Handler" daemon [_thread_blocked, id=6292, stack(0x00000000575e0000,0x00000000576e0000)]
  0x000000000221e800 JavaThread "main" [_thread_blocked, id=5584, stack(0x00000000024f0000,0x00000000025f0000)]

Other Threads:
  0x00000000562da000 VMThread [stack: 0x00000000573c0000,0x00000000574c0000] [id=3416]
  0x0000000057c24800 WatcherThread [stack: 0x00000000583e0000,0x00000000584e0000] [id=4104]

VM state:not at safepoint (normal execution)

VM Mutex/Monitor currently owned by a thread: None

heap address: 0x00000000a0000000, size: 1536 MB, Compressed Oops mode: 32-bit
Narrow klass base: 0x0000000000000000, Narrow klass shift: 0
Compressed class space size: 1073741824 Address: 0x0000000015950000

Heap:
 PSYoungGen      total 35328K, used 18439K [0x00000000e0000000, 0x00000000e2500000, 0x0000000100000000)
  eden space 32768K, 48% used [0x00000000e0000000,0x00000000e0f85f98,0x00000000e2000000)
  from space 2560K, 99% used [0x00000000e2280000,0x00000000e24fc030,0x00000000e2500000)
  to   space 2560K, 0% used [0x00000000e2000000,0x00000000e2000000,0x00000000e2280000)
 ParOldGen       total 44032K, used 8480K [0x00000000a0000000, 0x00000000a2b00000, 0x00000000e0000000)
  object space 44032K, 19% used [0x00000000a0000000,0x00000000a08483f8,0x00000000a2b00000)
 Metaspace       used 16109K, capacity 16566K, committed 16896K, reserved 1062912K
  class space    used 2286K, capacity 2439K, committed 2560K, reserved 1048576K

Card table byte_map: [0x0000000011c80000,0x0000000011f90000] byte_map_base: 0x0000000011780000

Marking Bits: (ParMarkBitMap*) 0x0000000070f49f30
 Begin Bits: [0x0000000012650000, 0x0000000013e50000)
 End Bits:   [0x0000000013e50000, 0x0000000015650000)

Polling page: 0x00000000001c0000

CodeCache: size=245760Kb used=5236Kb max_used=5236Kb free=240523Kb
 bounds [0x00000000028c0000, 0x0000000002de0000, 0x00000000118c0000]
 total_blobs=1940 nmethods=1548 adapters=305
 compilation: enabled

Compilation events (10 events):
Event: 6.291 Thread 0x0000000057ba3800 1584       3       org.gradle.internal.service.DefaultServiceRegistry$ManagedObjectServiceProvider::fromSameRegistry (27 bytes)
Event: 6.291 Thread 0x0000000057ba3800 nmethod 1584 0x0000000002ddd750 code [0x0000000002ddd8c0, 0x0000000002dddc90]
Event: 6.291 Thread 0x0000000057ba3800 1585       3       org.gradle.internal.service.DefaultServiceRegistry::access$1500 (6 bytes)
Event: 6.291 Thread 0x0000000057ba3800 nmethod 1585 0x0000000002dddd50 code [0x0000000002dddec0, 0x0000000002dde028]
Event: 6.302 Thread 0x0000000057ba3800 1586       3       java.util.concurrent.locks.AbstractQueuedSynchronizer::release (33 bytes)
Event: 6.302 Thread 0x0000000057ba3800 nmethod 1586 0x0000000002dde0d0 code [0x0000000002dde240, 0x0000000002dde558]
Event: 6.326 Thread 0x0000000057ba3800 1587       3       java.lang.String::lastIndexOf (151 bytes)
Event: 6.326 Thread 0x0000000057ba3800 nmethod 1587 0x0000000002dde650 code [0x0000000002dde800, 0x0000000002dded50]
Event: 6.332 Thread 0x0000000057ba3800 1588       3       java.util.concurrent.locks.AbstractQueuedSynchronizer::compareAndSetState (13 bytes)
Event: 6.333 Thread 0x0000000057ba3800 nmethod 1588 0x0000000002ddf1d0 code [0x0000000002ddf320, 0x0000000002ddf490]

GC Heap History (10 events):
Event: 3.119 GC heap before
{Heap before GC invocations=2 (full 0):
 PSYoungGen      total 18944K, used 18931K [0x00000000e0000000, 0x00000000e1500000, 0x0000000100000000)
  eden space 16384K, 100% used [0x00000000e0000000,0x00000000e1000000,0x00000000e1000000)
  from space 2560K, 99% used [0x00000000e1000000,0x00000000e127ce00,0x00000000e1280000)
  to   space 2560K, 0% used [0x00000000e1280000,0x00000000e1280000,0x00000000e1500000)
 ParOldGen       total 44032K, used 76K [0x00000000a0000000, 0x00000000a2b00000, 0x00000000e0000000)
  object space 44032K, 0% used [0x00000000a0000000,0x00000000a0013130,0x00000000a2b00000)
 Metaspace       used 7036K, capacity 7352K, committed 7680K, reserved 1056768K
  class space    used 857K, capacity 944K, committed 1024K, reserved 1048576K
Event: 3.208 GC heap after
Heap after GC invocations=2 (full 0):
 PSYoungGen      total 18944K, used 2552K [0x00000000e0000000, 0x00000000e2500000, 0x0000000100000000)
  eden space 16384K, 0% used [0x00000000e0000000,0x00000000e0000000,0x00000000e1000000)
  from space 2560K, 99% used [0x00000000e1280000,0x00000000e14fe128,0x00000000e1500000)
  to   space 2560K, 0% used [0x00000000e1000000,0x00000000e1000000,0x00000000e1280000)
 ParOldGen       total 44032K, used 706K [0x00000000a0000000, 0x00000000a2b00000, 0x00000000e0000000)
  object space 44032K, 1% used [0x00000000a0000000,0x00000000a00b0af0,0x00000000a2b00000)
 Metaspace       used 7036K, capacity 7352K, committed 7680K, reserved 1056768K
  class space    used 857K, capacity 944K, committed 1024K, reserved 1048576K
}
Event: 3.469 GC heap before
{Heap before GC invocations=3 (full 0):
 PSYoungGen      total 18944K, used 18936K [0x00000000e0000000, 0x00000000e2500000, 0x0000000100000000)
  eden space 16384K, 100% used [0x00000000e0000000,0x00000000e1000000,0x00000000e1000000)
  from space 2560K, 99% used [0x00000000e1280000,0x00000000e14fe128,0x00000000e1500000)
  to   space 2560K, 0% used [0x00000000e1000000,0x00000000e1000000,0x00000000e1280000)
 ParOldGen       total 44032K, used 706K [0x00000000a0000000, 0x00000000a2b00000, 0x00000000e0000000)
  object space 44032K, 1% used [0x00000000a0000000,0x00000000a00b0af0,0x00000000a2b00000)
 Metaspace       used 7119K, capacity 7416K, committed 7680K, reserved 1056768K
  class space    used 865K, capacity 944K, committed 1024K, reserved 1048576K
Event: 3.531 GC heap after
Heap after GC invocations=3 (full 0):
 PSYoungGen      total 18944K, used 2168K [0x00000000e0000000, 0x00000000e2500000, 0x0000000100000000)
  eden space 16384K, 0% used [0x00000000e0000000,0x00000000e0000000,0x00000000e1000000)
  from space 2560K, 84% used [0x00000000e1000000,0x00000000e121e370,0x00000000e1280000)
  to   space 2560K, 0% used [0x00000000e2280000,0x00000000e2280000,0x00000000e2500000)
 ParOldGen       total 44032K, used 706K [0x00000000a0000000, 0x00000000a2b00000, 0x00000000e0000000)
  object space 44032K, 1% used [0x00000000a0000000,0x00000000a00b0af0,0x00000000a2b00000)
 Metaspace       used 7119K, capacity 7416K, committed 7680K, reserved 1056768K
  class space    used 865K, capacity 944K, committed 1024K, reserved 1048576K
}
Event: 3.798 GC heap before
{Heap before GC invocations=4 (full 0):
 PSYoungGen      total 18944K, used 18552K [0x00000000e0000000, 0x00000000e2500000, 0x0000000100000000)
  eden space 16384K, 100% used [0x00000000e0000000,0x00000000e1000000,0x00000000e1000000)
  from space 2560K, 84% used [0x00000000e1000000,0x00000000e121e370,0x00000000e1280000)
  to   space 2560K, 0% used [0x00000000e2280000,0x00000000e2280000,0x00000000e2500000)
 ParOldGen       total 44032K, used 706K [0x00000000a0000000, 0x00000000a2b00000, 0x00000000e0000000)
  object space 44032K, 1% used [0x00000000a0000000,0x00000000a00b0af0,0x00000000a2b00000)
 Metaspace       used 7342K, capacity 7602K, committed 7680K, reserved 1056768K
  class space    used 907K, capacity 985K, committed 1024K, reserved 1048576K
Event: 3.805 GC heap after
Heap after GC invocations=4 (full 0):
 PSYoungGen      total 35328K, used 2544K [0x00000000e0000000, 0x00000000e2500000, 0x0000000100000000)
  eden space 32768K, 0% used [0x00000000e0000000,0x00000000e0000000,0x00000000e2000000)
  from space 2560K, 99% used [0x00000000e2280000,0x00000000e24fc030,0x00000000e2500000)
  to   space 2560K, 0% used [0x00000000e2000000,0x00000000e2000000,0x00000000e2280000)
 ParOldGen       total 44032K, used 1400K [0x00000000a0000000, 0x00000000a2b00000, 0x00000000e0000000)
  object space 44032K, 3% used [0x00000000a0000000,0x00000000a015e2f0,0x00000000a2b00000)
 Metaspace       used 7342K, capacity 7602K, committed 7680K, reserved 1056768K
  class space    used 907K, capacity 985K, committed 1024K, reserved 1048576K
}
Event: 5.418 GC heap before
{Heap before GC invocations=5 (full 0):
 PSYoungGen      total 35328K, used 35312K [0x00000000e0000000, 0x00000000e2500000, 0x0000000100000000)
  eden space 32768K, 100% used [0x00000000e0000000,0x00000000e2000000,0x00000000e2000000)
  from space 2560K, 99% used [0x00000000e2280000,0x00000000e24fc030,0x00000000e2500000)
  to   space 2560K, 0% used [0x00000000e2000000,0x00000000e2000000,0x00000000e2280000)
 ParOldGen       total 44032K, used 1400K [0x00000000a0000000, 0x00000000a2b00000, 0x00000000e0000000)
  object space 44032K, 3% used [0x00000000a0000000,0x00000000a015e2f0,0x00000000a2b00000)
 Metaspace       used 12345K, capacity 12770K, committed 12928K, reserved 1060864K
  class space    used 1654K, capacity 1807K, committed 1920K, reserved 1048576K
Event: 5.458 GC heap after
Heap after GC invocations=5 (full 0):
 PSYoungGen      total 35328K, used 2560K [0x00000000e0000000, 0x00000000e2500000, 0x0000000100000000)
  eden space 32768K, 0% used [0x00000000e0000000,0x00000000e0000000,0x00000000e2000000)
  from space 2560K, 100% used [0x00000000e2000000,0x00000000e2280000,0x00000000e2280000)
  to   space 2560K, 0% used [0x00000000e2280000,0x00000000e2280000,0x00000000e2500000)
 ParOldGen       total 44032K, used 5106K [0x00000000a0000000, 0x00000000a2b00000, 0x00000000e0000000)
  object space 44032K, 11% used [0x00000000a0000000,0x00000000a04fcaf0,0x00000000a2b00000)
 Metaspace       used 12345K, capacity 12770K, committed 12928K, reserved 1060864K
  class space    used 1654K, capacity 1807K, committed 1920K, reserved 1048576K
}
Event: 5.958 GC heap before
{Heap before GC invocations=6 (full 0):
 PSYoungGen      total 35328K, used 35328K [0x00000000e0000000, 0x00000000e2500000, 0x0000000100000000)
  eden space 32768K, 100% used [0x00000000e0000000,0x00000000e2000000,0x00000000e2000000)
  from space 2560K, 100% used [0x00000000e2000000,0x00000000e2280000,0x00000000e2280000)
  to   space 2560K, 0% used [0x00000000e2280000,0x00000000e2280000,0x00000000e2500000)
 ParOldGen       total 44032K, used 5106K [0x00000000a0000000, 0x00000000a2b00000, 0x00000000e0000000)
  object space 44032K, 11% used [0x00000000a0000000,0x00000000a04fcaf0,0x00000000a2b00000)
 Metaspace       used 14693K, capacity 15114K, committed 15232K, reserved 1062912K
  class space    used 2054K, capacity 2163K, committed 2176K, reserved 1048576K
Event: 5.971 GC heap after
Heap after GC invocations=6 (full 0):
 PSYoungGen      total 35328K, used 2544K [0x00000000e0000000, 0x00000000e2500000, 0x0000000100000000)
  eden space 32768K, 0% used [0x00000000e0000000,0x00000000e0000000,0x00000000e2000000)
  from space 2560K, 99% used [0x00000000e2280000,0x00000000e24fc030,0x00000000e2500000)
  to   space 2560K, 0% used [0x00000000e2000000,0x00000000e2000000,0x00000000e2280000)
 ParOldGen       total 44032K, used 8480K [0x00000000a0000000, 0x00000000a2b00000, 0x00000000e0000000)
  object space 44032K, 19% used [0x00000000a0000000,0x00000000a08483f8,0x00000000a2b00000)
 Metaspace       used 14693K, capacity 15114K, committed 15232K, reserved 1062912K
  class space    used 2054K, capacity 2163K, committed 2176K, reserved 1048576K
}

Deoptimization events (10 events):
Event: 4.757 Thread 0x000000000221e800 Uncommon trap: reason=unstable_if action=reinterpret pc=0x0000000002b5b0d4 method=java.io.WinNTFileSystem.normalize(Ljava/lang/String;)Ljava/lang/String; @ 128
Event: 5.208 Thread 0x0000000059f82800 Uncommon trap: reason=unstable_if action=reinterpret pc=0x0000000002c8ead0 method=java.util.concurrent.ConcurrentHashMap.putVal(Ljava/lang/Object;Ljava/lang/Object;Z)Ljava/lang/Object; @ 206
Event: 5.307 Thread 0x0000000059fe3000 Uncommon trap: reason=bimorphic action=maybe_recompile pc=0x0000000002b03a44 method=java.util.HashMap.putVal(ILjava/lang/Object;Ljava/lang/Object;ZZ)Ljava/lang/Object; @ 253
Event: 5.307 Thread 0x0000000059fe3000 Uncommon trap: reason=bimorphic action=maybe_recompile pc=0x0000000002b03a44 method=java.util.HashMap.putVal(ILjava/lang/Object;Ljava/lang/Object;ZZ)Ljava/lang/Object; @ 253
Event: 5.307 Thread 0x0000000059fe3000 Uncommon trap: reason=bimorphic action=maybe_recompile pc=0x0000000002b03a44 method=java.util.HashMap.putVal(ILjava/lang/Object;Ljava/lang/Object;ZZ)Ljava/lang/Object; @ 253
Event: 5.709 Thread 0x0000000059fe3000 Uncommon trap: reason=class_check action=maybe_recompile pc=0x0000000002b98708 method=java.util.regex.Matcher.match(II)Z @ 86
Event: 5.726 Thread 0x0000000059fe3000 Uncommon trap: reason=class_check action=maybe_recompile pc=0x0000000002b98708 method=java.util.regex.Matcher.match(II)Z @ 86
Event: 5.727 Thread 0x0000000059fe3000 Uncommon trap: reason=class_check action=maybe_recompile pc=0x0000000002b98708 method=java.util.regex.Matcher.match(II)Z @ 86
Event: 5.727 Thread 0x0000000059fe3000 Uncommon trap: reason=class_check action=maybe_recompile pc=0x0000000002b4ca0c method=java.util.regex.Matcher.match(II)Z @ 86
Event: 6.158 Thread 0x0000000059fe3000 Uncommon trap: reason=unstable_if action=reinterpret pc=0x0000000002d4a1b4 method=java.lang.String.lastIndexOf([CII[CIII)I @ 66

Classes redefined (0 events):
No events

Internal exceptions (10 events):
Event: 5.232 Thread 0x0000000059f82800 Exception <a 'java/lang/NoSuchMethodError': <clinit>> (0x00000000e18dc718) thrown at [D:\src\AOSP-openjdk-cygwin\jdk8u\hotspot\src\share\vm\prims\jni.cpp, line 1614]
Event: 5.233 Thread 0x0000000059f82800 Exception <a 'java/lang/NoSuchMethodError': <clinit>> (0x00000000e18e53a8) thrown at [D:\src\AOSP-openjdk-cygwin\jdk8u\hotspot\src\share\vm\prims\jni.cpp, line 1614]
Event: 5.235 Thread 0x0000000059f82800 Exception <a 'java/lang/NoSuchMethodError': <clinit>> (0x00000000e18fb9e0) thrown at [D:\src\AOSP-openjdk-cygwin\jdk8u\hotspot\src\share\vm\prims\jni.cpp, line 1614]
Event: 5.249 Thread 0x0000000059f82800 Exception <a 'java/lang/NoSuchMethodError': <clinit>> (0x00000000e1959b60) thrown at [D:\src\AOSP-openjdk-cygwin\jdk8u\hotspot\src\share\vm\prims\jni.cpp, line 1614]
Event: 5.257 Thread 0x0000000059f82800 Exception <a 'java/lang/NoSuchMethodError': <clinit>> (0x00000000e1986850) thrown at [D:\src\AOSP-openjdk-cygwin\jdk8u\hotspot\src\share\vm\prims\jni.cpp, line 1614]
Event: 5.265 Thread 0x0000000059f82800 Exception <a 'java/lang/NoSuchMethodError': <clinit>> (0x00000000e19b50f0) thrown at [D:\src\AOSP-openjdk-cygwin\jdk8u\hotspot\src\share\vm\prims\jni.cpp, line 1614]
Event: 5.266 Thread 0x0000000059f82800 Exception <a 'java/lang/NoSuchMethodError': <clinit>> (0x00000000e19c04f8) thrown at [D:\src\AOSP-openjdk-cygwin\jdk8u\hotspot\src\share\vm\prims\jni.cpp, line 1614]
Event: 6.102 Thread 0x0000000059fe3000 Exception <a 'java/lang/NoSuchMethodError': java.lang.Object.lambda$and$0(Ljava/util/function/Predicate;Ljava/lang/Object;)Z> (0x00000000e0724a50) thrown at [D:\src\AOSP-openjdk-cygwin\jdk8u\hotspot\src\share\vm\interpreter\linkResolver.cpp, line 620]
Event: 6.115 Thread 0x0000000059fe3000 Exception <a 'java/lang/IncompatibleClassChangeError': Found class java.lang.Object, but interface was expected> (0x00000000e073ad78) thrown at [D:\src\AOSP-openjdk-cygwin\jdk8u\hotspot\src\share\vm\interpreter\linkResolver.cpp, line 653]
Event: 6.120 Thread 0x0000000059fe3000 Exception <a 'java/lang/NoSuchMethodError': java.lang.Object.lambda$or$2(Ljava/util/function/Predicate;Ljava/lang/Object;)Z> (0x00000000e073fc88) thrown at [D:\src\AOSP-openjdk-cygwin\jdk8u\hotspot\src\share\vm\interpreter\linkResolver.cpp, line 620]

Events (10 events):
Event: 6.327 loading class org/gradle/internal/instantiation/AbstractClassGenerator$PropertyTypePropertyHandler
Event: 6.327 loading class org/gradle/internal/instantiation/AbstractClassGenerator$PropertyTypePropertyHandler done
Event: 6.328 loading class org/gradle/internal/instantiation/AbstractClassGenerator$ManagedTypeHandler
Event: 6.328 loading class org/gradle/internal/instantiation/AbstractClassGenerator$ManagedTypeHandler done
Event: 6.329 loading class org/gradle/internal/instantiation/AbstractClassGenerator$ExtensibleTypePropertyHandler
Event: 6.329 loading class org/gradle/internal/instantiation/AbstractClassGenerator$ExtensibleTypePropertyHandler done
Event: 6.330 loading class org/gradle/internal/instantiation/AbstractClassGenerator$DslMixInPropertyType
Event: 6.330 loading class org/gradle/internal/instantiation/AbstractClassGenerator$DslMixInPropertyType done
Event: 6.332 loading class org/gradle/internal/reflect/MethodSet
Event: 6.332 loading class org/gradle/internal/reflect/MethodSet done


Dynamic libraries:
0x000000013f4e0000 - 0x000000013f511000 	C:\Program Files\Android\Android Studio\jre\bin\java.exe
0x0000000077380000 - 0x000000007751f000 	C:\Windows\SYSTEM32\ntdll.dll
0x0000000077160000 - 0x000000007727f000 	C:\Windows\system32\kernel32.dll
0x000007fefd140000 - 0x000007fefd1aa000 	C:\Windows\system32\KERNELBASE.dll
0x000007fefdb20000 - 0x000007fefdbfb000 	C:\Windows\system32\ADVAPI32.dll
0x000007feff110000 - 0x000007feff1af000 	C:\Windows\system32\msvcrt.dll
0x000007fefd680000 - 0x000007fefd69f000 	C:\Windows\SYSTEM32\sechost.dll
0x000007feff540000 - 0x000007feff66d000 	C:\Windows\system32\RPCRT4.dll
0x0000000077280000 - 0x000000007737a000 	C:\Windows\system32\USER32.dll
0x000007fefda10000 - 0x000007fefda77000 	C:\Windows\system32\GDI32.dll
0x000007fefec30000 - 0x000007fefec3e000 	C:\Windows\system32\LPK.dll
0x000007fefd940000 - 0x000007fefda0b000 	C:\Windows\system32\USP10.dll
0x000007fefb950000 - 0x000007fefbb44000 	C:\Windows\WinSxS\amd64_microsoft.windows.common-controls_6595b64144ccf1df_6.0.7601.18837_none_fa3b1e3d17594757\COMCTL32.dll
0x000007fefd5f0000 - 0x000007fefd661000 	C:\Windows\system32\SHLWAPI.dll
0x000007fefd6a0000 - 0x000007fefd6ce000 	C:\Windows\system32\IMM32.DLL
0x000007fefeb20000 - 0x000007fefec29000 	C:\Windows\system32\MSCTF.dll
0x0000000073ad0000 - 0x0000000073ba2000 	C:\Program Files\Android\Android Studio\jre\jre\bin\msvcr100.dll
0x0000000070780000 - 0x0000000070fc6000 	C:\Program Files\Android\Android Studio\jre\jre\bin\server\jvm.dll
0x000007fef9030000 - 0x000007fef9039000 	C:\Windows\system32\WSOCK32.dll
0x000007fefdca0000 - 0x000007fefdced000 	C:\Windows\system32\WS2_32.dll
0x000007fefd670000 - 0x000007fefd678000 	C:\Windows\system32\NSI.dll
0x000007fef9be0000 - 0x000007fef9c1b000 	C:\Windows\system32\WINMM.dll
0x000007fefc130000 - 0x000007fefc13c000 	C:\Windows\system32\VERSION.dll
0x0000000077520000 - 0x0000000077527000 	C:\Windows\system32\PSAPI.DLL
0x000007fef9020000 - 0x000007fef902f000 	C:\Program Files\Android\Android Studio\jre\jre\bin\verify.dll
0x000007fef8ff0000 - 0x000007fef9019000 	C:\Program Files\Android\Android Studio\jre\jre\bin\java.dll
0x000007fef8fd0000 - 0x000007fef8fe6000 	C:\Program Files\Android\Android Studio\jre\jre\bin\zip.dll
0x000007fefdcf0000 - 0x000007fefea7b000 	C:\Windows\system32\SHELL32.dll
0x000007fefec40000 - 0x000007fefee3d000 	C:\Windows\system32\ole32.dll
0x000007fefd060000 - 0x000007fefd06f000 	C:\Windows\system32\profapi.dll
0x000007fef8fb0000 - 0x000007fef8fca000 	C:\Program Files\Android\Android Studio\jre\jre\bin\net.dll
0x000007fefd6d0000 - 0x000007fefd855000 	C:\Windows\system32\urlmon.dll
0x000007fefd120000 - 0x000007fefd124000 	C:\Windows\system32\api-ms-win-downlevel-ole32-l1-1-0.dll
0x000007fefd130000 - 0x000007fefd134000 	C:\Windows\system32\api-ms-win-downlevel-shlwapi-l1-1-0.dll
0x000007fefd1b0000 - 0x000007fefd1b5000 	C:\Windows\system32\api-ms-win-downlevel-advapi32-l1-1-0.dll
0x000007fefd110000 - 0x000007fefd114000 	C:\Windows\system32\api-ms-win-downlevel-user32-l1-1-0.dll
0x000007fefd250000 - 0x000007fefd254000 	C:\Windows\system32\api-ms-win-downlevel-version-l1-1-0.dll
0x000007fefd240000 - 0x000007fefd243000 	C:\Windows\system32\api-ms-win-downlevel-normaliz-l1-1-0.dll
0x0000000077530000 - 0x0000000077533000 	C:\Windows\system32\normaliz.DLL
0x000007fefee40000 - 0x000007feff10a000 	C:\Windows\system32\iertutil.dll
0x000007feff210000 - 0x000007feff531000 	C:\Windows\system32\WININET.dll
0x000007fefd220000 - 0x000007fefd23e000 	C:\Windows\system32\USERENV.dll
0x000007fefc820000 - 0x000007fefc875000 	C:\Windows\system32\mswsock.dll
0x000007fefc810000 - 0x000007fefc817000 	C:\Windows\System32\wship6.dll
0x000007fee0970000 - 0x000007fee0983000 	C:\Program Files\Android\Android Studio\jre\jre\bin\nio.dll
0x000007fedc7b0000 - 0x000007fedc7d6000 	C:\Users\Usuario\.gradle\native\30\windows-amd64\native-platform.dll
0x000007feface0000 - 0x000007feface3000 	C:\Windows\system32\api-ms-win-core-synch-l1-2-0.DLL
0x000007feee400000 - 0x000007feee40d000 	C:\Program Files\Android\Android Studio\jre\jre\bin\management.dll
0x000007fefc880000 - 0x000007fefc898000 	C:\Windows\system32\CRYPTSP.dll
0x000007fefc540000 - 0x000007fefc587000 	C:\Windows\system32\rsaenh.dll
0x000007fefcef0000 - 0x000007fefceff000 	C:\Windows\system32\CRYPTBASE.dll
0x000007fef8f70000 - 0x000007fef8f97000 	C:\Windows\system32\IPHLPAPI.DLL
0x000007fef8f50000 - 0x000007fef8f5b000 	C:\Windows\system32\WINNSI.DLL
0x000007fef8d60000 - 0x000007fef8d78000 	C:\Windows\system32\dhcpcsvc.DLL
0x000007fef8d40000 - 0x000007fef8d51000 	C:\Windows\system32\dhcpcsvc6.DLL

VM Arguments:
jvm_args: -Xmx1536m -Dfile.encoding=windows-1252 -Duser.country=BR -Duser.language=pt -Duser.variant 
java_command: org.gradle.launcher.daemon.bootstrap.GradleDaemon 5.6.4
java_class_path (initial): C:\Users\Usuario\.gradle\wrapper\dists\gradle-5.6.4-all\ankdp27end7byghfw1q2sw75f\gradle-5.6.4\lib\gradle-launcher-5.6.4.jar
Launcher Type: SUN_STANDARD

Environment Variables:
PATH=C:\Program Files\Python38\Scripts\;C:\Program Files\Python38\;C:\Program Files (x86)\Common Files\Oracle\Java\javapath;C:\Windows\system32;C:\Windows;C:\Windows\System32\Wbem;C:\Windows\System32\WindowsPowerShell\v1.0\;C:\Program Files (x86)\QT Lite\QTSystem;C:\Program Files (x86)\Microsoft VS Code\bin;C:\Users\Usuario\AppData\Local\Programs\Git\cmd;C:\Program Files\Microsoft VS Code\bin;C:\Users\Usuario\AppData\Local\Programs\Python\Python38\Scripts\;C:\Users\Usuario\AppData\Local\Programs\Python\Python38\;C:\Users\Usuario\AppData\Local\GitHubDesktop\bin;C:\Users\Usuario\AppData\Local\Programs\Python\Python38\*
USERNAME=Usuario
OS=Windows_NT
PROCESSOR_IDENTIFIER=Intel64 Family 6 Model 42 Stepping 7, GenuineIntel



---------------  S Y S T E M  ---------------

OS: Windows 7 , 64 bit Build 7601 (6.1.7601.24168)

CPU:total 4 (initial active 4) (2 cores per cpu, 2 threads per core) family 6 model 42 stepping 7, cmov, cx8, fxsr, mmx, sse, sse2, sse3, ssse3, sse4.1, sse4.2, popcnt, avx, clmul, ht, tsc, tscinvbit

Memory: 4k page, physical 4127096k(211624k free), swap 16506508k(14860k free)

vm_info: OpenJDK 64-Bit Server VM (25.212-b04) for windows-amd64 JRE (1.8.0_212-release-1586-b04), built by "builder" with MS VC++ 10.0 (VS2010)

time: Fri Jun 12 18:41:59 2020
timezone: Hora oficial do Brasil
elapsed time: 6 seconds (0d 0h 0m 6s)

